<?xml version="1.0" encoding="UTF-8"?>
<!-- Generated by org.testng.reporters.JUnitReportReporter -->
<testsuite hostname="LATITUDE" failures="0" tests="4" name="pack1.Class_2" time="0.022" errors="0" timestamp="2025-03-25T09:04:57 IST" skipped="0">
  <testcase classname="pack1.Class_2" name="m5" time="0.003"/>
  <testcase classname="pack1.Class_2" name="m4" time="0.002"/>
  <testcase classname="pack1.Class_2" name="m4" time="0.014"/>
  <testcase classname="pack1.Class_2" name="m5" time="0.003"/>
</testsuite> <!-- pack1.Class_2 -->
