<?xml version="1.0" encoding="UTF-8"?>
<!-- Generated by org.testng.reporters.JUnitReportReporter -->
<testsuite hostname="LATITUDE" failures="0" tests="2" name="pack1.Parallel_Selenium1" time="9.931" errors="0" timestamp="2025-04-11T07:57:14 IST" skipped="0">
  <testcase classname="pack1.Parallel_Selenium1" name="testCase2" time="4.838"/>
  <testcase classname="pack1.Parallel_Selenium1" name="testCase1" time="5.093"/>
</testsuite> <!-- pack1.Parallel_Selenium1 -->
