<?xml version="1.0" encoding="UTF-8"?>
<!-- Generated by org.testng.reporters.JUnitReportReporter -->
<testsuite hostname="LATITUDE" failures="0" tests="6" name="pack1.Class_1" time="0.025" errors="0" timestamp="2025-03-25T09:04:57 IST" skipped="0">
  <testcase classname="pack1.Class_1" name="m3" time="0.005"/>
  <testcase classname="pack1.Class_1" name="m3" time="0.003"/>
  <testcase classname="pack1.Class_1" name="m2" time="0.003"/>
  <testcase classname="pack1.Class_1" name="m2" time="0.003"/>
  <testcase classname="pack1.Class_1" name="m1" time="0.007"/>
  <testcase classname="pack1.Class_1" name="m1" time="0.004"/>
</testsuite> <!-- pack1.Class_1 -->
