<?xml version="1.0" encoding="UTF-8"?>
<!-- Generated by org.testng.reporters.JUnitReportReporter -->
<testsuite hostname="LATITUDE" failures="0" tests="1" name="pack1.ListenerTest" time="0.020" errors="0" timestamp="2025-03-27T08:44:46 IST" skipped="0">
  <testcase classname="pack1.ListenerTest" name="testCase1" time="0.020"/>
</testsuite> <!-- pack1.ListenerTest -->
