<?xml version="1.0" encoding="UTF-8"?>
<!-- Generated by org.testng.reporters.JUnitReportReporter -->
<testsuite hostname="LATITUDE" failures="0" tests="1" name="pack1.Class_1" time="0.006" errors="0" timestamp="2025-04-11T07:23:16 IST" skipped="0">
  <testcase classname="pack1.Class_1" name="m3" time="0.006"/>
</testsuite> <!-- pack1.Class_1 -->
