<?xml version="1.0" encoding="UTF-8"?>
<!-- Generated by org.testng.reporters.JUnitReportReporter -->
<testsuite hostname="LATITUDE" failures="0" tests="1" name="pack1.Class_1" time="0.014" errors="0" timestamp="2025-03-26T08:53:22 IST" skipped="0">
  <testcase classname="pack1.Class_1" name="m3" time="0.014"/>
</testsuite> <!-- pack1.Class_1 -->
