<?xml version="1.0" encoding="UTF-8"?>
<!-- Generated by org.testng.reporters.JUnitReportReporter -->
<testsuite hostname="LATITUDE" failures="0" tests="1" name="pack1.SeleniumLogin" time="4.082" errors="0" timestamp="2025-03-27T09:04:27 IST" skipped="0">
  <testcase classname="pack1.SeleniumLogin" name="testCase" time="4.082"/>
</testsuite> <!-- pack1.SeleniumLogin -->
