<?xml version="1.0" encoding="UTF-8"?>
<!-- Generated by org.testng.reporters.JUnitReportReporter -->
<testsuite hostname="LATITUDE" failures="0" tests="1" name="testSuites.ChangePasswordTestSuite" time="11.628" errors="0" timestamp="2025-04-03T08:03:31 IST" skipped="0">
  <testcase classname="testSuites.ChangePasswordTestSuite" name="tc123_ChangePasswordTest" time="11.628"/>
</testsuite> <!-- testSuites.ChangePasswordTestSuite -->
