<?xml version="1.0" encoding="UTF-8"?>
<!-- Generated by org.testng.reporters.JUnitReportReporter -->
<testsuite hostname="LATITUDE" failures="0" tests="1" name="testSuites.ChangePasswordTestSuite" time="30.434" errors="0" timestamp="2025-03-31T09:01:14 IST" skipped="0">
  <testcase classname="testSuites.ChangePasswordTestSuite" name="tc123_ChangePasswordTest" time="30.434"/>
</testsuite> <!-- testSuites.ChangePasswordTestSuite -->
