<?xml version="1.0" encoding="UTF-8"?>
<!-- Generated by org.testng.reporters.JUnitReportReporter -->
<testsuite hostname="LATITUDE" failures="0" tests="3" name="pack1.Test1" time="0.010" errors="0" timestamp="2025-03-25T07:21:13 IST" skipped="0">
  <testcase classname="pack1.Test1" name="c1" time="0.001"/>
  <testcase classname="pack1.Test1" name="b1" time="0.007"/>
  <testcase classname="pack1.Test1" name="a1" time="0.002"/>
</testsuite> <!-- pack1.Test1 -->
